<?xml version="1.0" encoding="UTF-8"?>
<!-- Generated by org.testng.reporters.JUnitXMLReporter -->
<testsuite ignored="1" hostname="Bhakti" failures="0" tests="7" name="FirstSeleniumWebdriverScript" time="11.859" errors="0" timestamp="2024-10-01T22:51:27 GMT-04:00">
  <testcase classname="TestNG.SwagLabsTest" name="launch" time="2.57"/>
  <testcase classname="TestNG.SwagLabsTest" name="loginTest" time="2.201"/>
  <testcase classname="TestNG.SwagLabsTest" name="currentUrlTest" time="0.011"/>
  <testcase classname="TestNG.SwagLabsTest" name="LogoutTest" time="2.123"/>
  <testcase classname="TestNG.TestAnnotations" name="testmethod1" time="0.0"/>
  <testcase classname="TestNG.TestAnnotations" name="testmethod2" time="0.0"/>
  <testcase classname="TestNG.sampleTestNG_class" name="titleTest" time="0.008"/>
  <testcase classname="TestNG.SwagLabsTest" name="titleTest" time="0.0">
    <ignored/>
  </testcase> <!-- titleTest -->
</testsuite> <!-- FirstSeleniumWebdriverScript -->
