<?xml version="1.0" encoding="UTF-8"?>
<testng-results ignored="0" total="9" passed="8" failed="1" skipped="0">
  <reporter-output>
  </reporter-output>
  <suite started-at="2024-10-09T10:37:22 GMT-04:00" name="All Test Suite" finished-at="2024-10-09T10:37:35 GMT-04:00" duration-ms="12484">
    <groups>
    </groups>
    <test started-at="2024-10-09T10:37:22 GMT-04:00" name="TestChrome" finished-at="2024-10-09T10:37:35 GMT-04:00" duration-ms="12484">
      <class name="TestNG.SwagLabsTest">
        <test-method is-config="true" signature="setup(java.lang.String)[pri:0, instance:TestNG.SwagLabsTest@12e61fe6]" started-at="2024-10-09T10:37:22 GMT-04:00" name="setup" finished-at="2024-10-09T10:37:24 GMT-04:00" duration-ms="1330" status="PASS">
          <params>
            <param index="0">
              <value>
                <![CDATA[Chrome]]>
              </value>
            </param>
          </params>
          <reporter-output>
          </reporter-output>
        </test-method> <!-- setup -->
        <test-method signature="launch()[pri:1, instance:TestNG.SwagLabsTest@12e61fe6]" started-at="2024-10-09T10:37:24 GMT-04:00" name="launch" description="This will open the browser" finished-at="2024-10-09T10:37:26 GMT-04:00" duration-ms="2593" status="PASS">
          <reporter-output>
          </reporter-output>
        </test-method> <!-- launch -->
        <test-method signature="loginTest(java.lang.String,java.lang.String)[pri:2, instance:TestNG.SwagLabsTest@12e61fe6]" started-at="2024-10-09T10:37:26 GMT-04:00" name="loginTest" finished-at="2024-10-09T10:37:32 GMT-04:00" duration-ms="6246" status="PASS">
          <params>
            <param index="0">
              <value>
                <![CDATA[standard_user]]>
              </value>
            </param>
            <param index="1">
              <value>
                <![CDATA[secret_sauce]]>
              </value>
            </param>
          </params>
          <reporter-output>
          </reporter-output>
        </test-method> <!-- loginTest -->
        <test-method signature="currentUrlTest()[pri:3, instance:TestNG.SwagLabsTest@12e61fe6]" started-at="2024-10-09T10:37:32 GMT-04:00" name="currentUrlTest" finished-at="2024-10-09T10:37:33 GMT-04:00" depends-on-methods="TestNG.SwagLabsTest.loginTest" duration-ms="15" status="PASS">
          <reporter-output>
          </reporter-output>
        </test-method> <!-- currentUrlTest -->
        <test-method signature="titleTest()[pri:4, instance:TestNG.SwagLabsTest@12e61fe6]" started-at="2024-10-09T10:37:33 GMT-04:00" name="titleTest" finished-at="2024-10-09T10:37:33 GMT-04:00" depends-on-methods="TestNG.SwagLabsTest.loginTest" duration-ms="3" status="PASS">
          <reporter-output>
          </reporter-output>
        </test-method> <!-- titleTest -->
        <test-method signature="LogoutTest()[pri:5, instance:TestNG.SwagLabsTest@12e61fe6]" started-at="2024-10-09T10:37:33 GMT-04:00" name="LogoutTest" finished-at="2024-10-09T10:37:35 GMT-04:00" duration-ms="2140" status="PASS">
          <reporter-output>
          </reporter-output>
        </test-method> <!-- LogoutTest -->
        <test-method is-config="true" signature="CloseBrowser()[pri:0, instance:TestNG.SwagLabsTest@12e61fe6]" started-at="2024-10-09T10:37:35 GMT-04:00" name="CloseBrowser" finished-at="2024-10-09T10:37:35 GMT-04:00" duration-ms="104" status="PASS">
          <reporter-output>
          </reporter-output>
        </test-method> <!-- CloseBrowser -->
      </class> <!-- TestNG.SwagLabsTest -->
      <class name="TestNG.TestNG_Asserts">
        <test-method signature="testHard()[pri:0, instance:TestNG.TestNG_Asserts@1f0f1111]" started-at="2024-10-09T10:37:35 GMT-04:00" name="testHard" finished-at="2024-10-09T10:37:35 GMT-04:00" duration-ms="1" status="PASS">
          <reporter-output>
          </reporter-output>
        </test-method> <!-- testHard -->
        <test-method signature="testSoft()[pri:0, instance:TestNG.TestNG_Asserts@1f0f1111]" started-at="2024-10-09T10:37:35 GMT-04:00" name="testSoft" finished-at="2024-10-09T10:37:35 GMT-04:00" duration-ms="5" status="FAIL">
          <exception class="java.lang.AssertionError">
            <message>
              <![CDATA[The following asserts failed:
Count mismatch expected [14] but found [13]]]>
            </message>
            <full-stacktrace>
              <![CDATA[java.lang.AssertionError: The following asserts failed:
Count mismatch expected [14] but found [13]
at org.testng.asserts.SoftAssert.assertAll(SoftAssert.java:46)
at org.testng.asserts.SoftAssert.assertAll(SoftAssert.java:30)
at TestNG.TestNG_Asserts.testSoft(TestNG_Asserts.java:19)
at java.base/jdk.internal.reflect.DirectMethodHandleAccessor.invoke(DirectMethodHandleAccessor.java:103)
at java.base/java.lang.reflect.Method.invoke(Method.java:580)
at org.testng.internal.invokers.MethodInvocationHelper.invokeMethod(MethodInvocationHelper.java:139)
at org.testng.internal.invokers.TestInvoker.invokeMethod(TestInvoker.java:664)
at org.testng.internal.invokers.TestInvoker.invokeTestMethod(TestInvoker.java:227)
at org.testng.internal.invokers.MethodRunner.runInSequence(MethodRunner.java:50)
at org.testng.internal.invokers.TestInvoker$MethodInvocationAgent.invoke(TestInvoker.java:957)
at org.testng.internal.invokers.TestInvoker.invokeTestMethods(TestInvoker.java:200)
at org.testng.internal.invokers.TestMethodWorker.invokeTestMethods(TestMethodWorker.java:148)
at org.testng.internal.invokers.TestMethodWorker.run(TestMethodWorker.java:128)
at java.base/java.util.ArrayList.forEach(ArrayList.java:1596)
at org.testng.TestRunner.privateRun(TestRunner.java:848)
at org.testng.TestRunner.run(TestRunner.java:621)
at org.testng.SuiteRunner.runTest(SuiteRunner.java:443)
at org.testng.SuiteRunner.runSequentially(SuiteRunner.java:437)
at org.testng.SuiteRunner.privateRun(SuiteRunner.java:397)
at org.testng.SuiteRunner.run(SuiteRunner.java:336)
at org.testng.SuiteRunnerWorker.runSuite(SuiteRunnerWorker.java:52)
at org.testng.SuiteRunnerWorker.run(SuiteRunnerWorker.java:95)
at org.testng.TestNG.runSuitesSequentially(TestNG.java:1280)
at org.testng.TestNG.runSuitesLocally(TestNG.java:1200)
at org.testng.TestNG.runSuites(TestNG.java:1114)
at org.testng.TestNG.run(TestNG.java:1082)
at com.intellij.rt.testng.IDEARemoteTestNG.run(IDEARemoteTestNG.java:65)
at com.intellij.rt.testng.RemoteTestNGStarter.main(RemoteTestNGStarter.java:105)
]]>
            </full-stacktrace>
          </exception> <!-- java.lang.AssertionError -->
          <reporter-output>
          </reporter-output>
        </test-method> <!-- testSoft -->
      </class> <!-- TestNG.TestNG_Asserts -->
      <class name="TestNG.TestAnnotations">
        <test-method is-config="true" signature="beforeSuite()[pri:0, instance:TestNG.TestAnnotations@670002]" started-at="2024-10-09T10:37:22 GMT-04:00" name="beforeSuite" finished-at="2024-10-09T10:37:22 GMT-04:00" duration-ms="12" status="PASS">
          <reporter-output>
          </reporter-output>
        </test-method> <!-- beforeSuite -->
        <test-method is-config="true" signature="beforeTest()[pri:0, instance:TestNG.TestAnnotations@670002]" started-at="2024-10-09T10:37:22 GMT-04:00" name="beforeTest" finished-at="2024-10-09T10:37:22 GMT-04:00" duration-ms="1" status="PASS">
          <reporter-output>
          </reporter-output>
        </test-method> <!-- beforeTest -->
        <test-method is-config="true" signature="beforeClass()[pri:0, instance:TestNG.TestAnnotations@670002]" started-at="2024-10-09T10:37:35 GMT-04:00" name="beforeClass" finished-at="2024-10-09T10:37:35 GMT-04:00" duration-ms="2" status="PASS">
          <reporter-output>
          </reporter-output>
        </test-method> <!-- beforeClass -->
        <test-method is-config="true" signature="beforeMethod()[pri:0, instance:TestNG.TestAnnotations@670002]" started-at="2024-10-09T10:37:35 GMT-04:00" name="beforeMethod" finished-at="2024-10-09T10:37:35 GMT-04:00" duration-ms="0" status="PASS">
          <reporter-output>
          </reporter-output>
        </test-method> <!-- beforeMethod -->
        <test-method signature="testmethod1()[pri:0, instance:TestNG.TestAnnotations@670002]" started-at="2024-10-09T10:37:35 GMT-04:00" name="testmethod1" finished-at="2024-10-09T10:37:35 GMT-04:00" duration-ms="0" status="PASS">
          <reporter-output>
          </reporter-output>
        </test-method> <!-- testmethod1 -->
        <test-method is-config="true" signature="afterMethod()[pri:0, instance:TestNG.TestAnnotations@670002]" started-at="2024-10-09T10:37:35 GMT-04:00" name="afterMethod" finished-at="2024-10-09T10:37:35 GMT-04:00" duration-ms="2" status="PASS">
          <reporter-output>
          </reporter-output>
        </test-method> <!-- afterMethod -->
        <test-method signature="testmethod2()[pri:0, instance:TestNG.TestAnnotations@670002]" started-at="2024-10-09T10:37:35 GMT-04:00" name="testmethod2" finished-at="2024-10-09T10:37:35 GMT-04:00" duration-ms="0" status="PASS">
          <reporter-output>
          </reporter-output>
        </test-method> <!-- testmethod2 -->
        <test-method is-config="true" signature="beforeMethod()[pri:0, instance:TestNG.TestAnnotations@670002]" started-at="2024-10-09T10:37:35 GMT-04:00" name="beforeMethod" finished-at="2024-10-09T10:37:35 GMT-04:00" duration-ms="0" status="PASS">
          <reporter-output>
          </reporter-output>
        </test-method> <!-- beforeMethod -->
        <test-method is-config="true" signature="afterMethod()[pri:0, instance:TestNG.TestAnnotations@670002]" started-at="2024-10-09T10:37:35 GMT-04:00" name="afterMethod" finished-at="2024-10-09T10:37:35 GMT-04:00" duration-ms="3" status="PASS">
          <reporter-output>
          </reporter-output>
        </test-method> <!-- afterMethod -->
        <test-method is-config="true" signature="afterClass()[pri:0, instance:TestNG.TestAnnotations@670002]" started-at="2024-10-09T10:37:35 GMT-04:00" name="afterClass" finished-at="2024-10-09T10:37:35 GMT-04:00" duration-ms="1" status="PASS">
          <reporter-output>
          </reporter-output>
        </test-method> <!-- afterClass -->
        <test-method is-config="true" signature="afterTest()[pri:0, instance:TestNG.TestAnnotations@670002]" started-at="2024-10-09T10:37:35 GMT-04:00" name="afterTest" finished-at="2024-10-09T10:37:35 GMT-04:00" duration-ms="0" status="PASS">
          <reporter-output>
          </reporter-output>
        </test-method> <!-- afterTest -->
        <test-method is-config="true" signature="afterSuite()[pri:0, instance:TestNG.TestAnnotations@670002]" started-at="2024-10-09T10:37:35 GMT-04:00" name="afterSuite" finished-at="2024-10-09T10:37:35 GMT-04:00" duration-ms="0" status="PASS">
          <reporter-output>
          </reporter-output>
        </test-method> <!-- afterSuite -->
      </class> <!-- TestNG.TestAnnotations -->
    </test> <!-- TestChrome -->
  </suite> <!-- All Test Suite -->
</testng-results>
